c:\users\andrzej\desktop\grk\2021\grk glfw test\cw 6\debug\vc142.pdb
c:\users\andrzej\desktop\grk\2021\grk glfw test\cw 6\debug\vc142.idb
c:\users\andrzej\desktop\grk\2021\grk glfw test\cw 6\debug\shader_loader.obj
c:\users\andrzej\desktop\grk\2021\grk glfw test\cw 6\debug\render_utils.obj
c:\users\andrzej\desktop\grk\2021\grk glfw test\cw 6\debug\main.obj
c:\users\andrzej\desktop\grk\2021\grk glfw test\cw 6\debug\camera.obj
c:\users\andrzej\desktop\grk\2021\grk glfw test\cw 6\debug\box.obj
c:\users\andrzej\desktop\grk\2021\grk glfw test\cw 6\debug\texture.obj
c:\users\andrzej\desktop\grk\2021\grk glfw test\cw 6\debug\stb_image_aug.obj
c:\users\andrzej\desktop\grk\2021\grk glfw test\cw 6\debug\soil.obj
c:\users\andrzej\desktop\grk\2021\grk glfw test\cw 6\debug\image_helper.obj
c:\users\andrzej\desktop\grk\2021\grk glfw test\cw 6\debug\image_dxt.obj
j:\desktop\projekt-gk\cw 6\debug\vc142.pdb
j:\desktop\projekt-gk\cw 6\debug\vc142.idb
j:\desktop\projekt-gk\cw 6\debug\texture.obj
j:\desktop\projekt-gk\cw 6\debug\shader_loader.obj
j:\desktop\projekt-gk\cw 6\debug\render_utils.obj
j:\desktop\projekt-gk\cw 6\debug\main.obj
j:\desktop\projekt-gk\cw 6\debug\camera.obj
j:\desktop\projekt-gk\cw 6\debug\box.obj
j:\desktop\projekt-gk\cw 6\debug\stb_image_aug.obj
j:\desktop\projekt-gk\cw 6\debug\soil.obj
j:\desktop\projekt-gk\cw 6\debug\image_helper.obj
j:\desktop\projekt-gk\cw 6\debug\image_dxt.obj
c:\users\andrzej\desktop\grk\2021\grk glfw test\cw 6\debug\vcpkg.applocal.log
c:\users\andrzej\desktop\grk\2021\grk glfw test\debug\grk-cw6.exe
c:\users\andrzej\desktop\grk\2021\grk glfw test\debug\grk-cw6.pdb
j:\desktop\projekt-gk\debug\grk-cw6.exe
j:\desktop\projekt-gk\debug\grk-cw6.pdb
j:\desktop\projekt-gk\cw 6\debug\grk-cw6.tlog\cl.command.1.tlog
j:\desktop\projekt-gk\cw 6\debug\grk-cw6.tlog\cl.read.1.tlog
j:\desktop\projekt-gk\cw 6\debug\grk-cw6.tlog\cl.write.1.tlog
j:\desktop\projekt-gk\cw 6\debug\grk-cw6.tlog\grk-cw6.write.1u.tlog
j:\desktop\projekt-gk\cw 6\debug\grk-cw6.tlog\link.command.1.tlog
j:\desktop\projekt-gk\cw 6\debug\grk-cw6.tlog\link.read.1.tlog
j:\desktop\projekt-gk\cw 6\debug\grk-cw6.tlog\link.write.1.tlog
