c:\users\12345\downloads\grk\cw 9\debug\vc143.pdb
c:\users\12345\downloads\grk\cw 9\debug\vc143.idb
c:\users\12345\downloads\grk\cw 9\debug\texture.obj
c:\users\12345\downloads\grk\cw 9\debug\shader_loader.obj
c:\users\12345\downloads\grk\cw 9\debug\render_utils.obj
c:\users\12345\downloads\grk\cw 9\debug\main.obj
c:\users\12345\downloads\grk\cw 9\debug\camera.obj
c:\users\12345\downloads\grk\cw 9\debug\box.obj
c:\users\12345\downloads\grk\cw 9\debug\stb_image_aug.obj
c:\users\12345\downloads\grk\cw 9\debug\soil.obj
c:\users\12345\downloads\grk\cw 9\debug\image_helper.obj
c:\users\12345\downloads\grk\cw 9\debug\image_dxt.obj
c:\programs\projekt-gk\cw 9\debug\vc143.pdb
c:\programs\projekt-gk\cw 9\debug\vc143.idb
c:\programs\projekt-gk\cw 9\debug\texture.obj
c:\programs\projekt-gk\cw 9\debug\shader_loader.obj
c:\programs\projekt-gk\cw 9\debug\render_utils.obj
c:\programs\projekt-gk\cw 9\debug\main.obj
c:\programs\projekt-gk\cw 9\debug\camera.obj
c:\programs\projekt-gk\cw 9\debug\box.obj
c:\programs\projekt-gk\cw 9\debug\stb_image_aug.obj
c:\programs\projekt-gk\cw 9\debug\soil.obj
c:\programs\projekt-gk\cw 9\debug\image_helper.obj
c:\programs\projekt-gk\cw 9\debug\image_dxt.obj
c:\users\12345\downloads\grk\debug\grk-cw9.exe
c:\users\12345\downloads\grk\debug\grk-cw9.pdb
c:\programs\projekt-gk\debug\grk-cw9.exe
c:\programs\projekt-gk\debug\grk-cw9.pdb
c:\programs\projekt-gk\cw 9\debug\vc142.idb
c:\programs\projekt-gk\cw 9\debug\vc142.pdb
c:\programs\projekt-gk\cw 9\debug\grk-cw9.tlog\cl.command.1.tlog
c:\programs\projekt-gk\cw 9\debug\grk-cw9.tlog\cl.read.1.tlog
c:\programs\projekt-gk\cw 9\debug\grk-cw9.tlog\cl.write.1.tlog
c:\programs\projekt-gk\cw 9\debug\grk-cw9.tlog\link.command.1.tlog
c:\programs\projekt-gk\cw 9\debug\grk-cw9.tlog\link.read.1.tlog
c:\programs\projekt-gk\cw 9\debug\grk-cw9.tlog\link.write.1.tlog
