  main.cpp
<<<<<<< Updated upstream
C:\Program Files (x86)\Windows Kits\10\Include\10.0.22000.0\shared\minwindef.h(130,1): warning C4005: 'APIENTRY': macro redefinition
C:\Users\versi\Desktop\projekt-gk\dependencies\glfw-3.3.8.bin.WIN32\include\GLFW\glfw3.h(123): message : see previous definition of 'APIENTRY'
C:\Users\versi\Desktop\projekt-gk\cw 9\src\ex_9_1.hpp(113,30): warning C4305: 'initializing': truncation from 'double' to 'float'
C:\Users\versi\Desktop\projekt-gk\cw 9\src\ex_9_1.hpp(127,38): warning C4305: '=': truncation from 'double' to 'float'
C:\Users\versi\Desktop\projekt-gk\cw 9\src\ex_9_1.hpp(150,16): warning C4305: 'initializing': truncation from 'double' to 'float'
C:\Users\versi\Desktop\projekt-gk\cw 9\src\ex_9_1.hpp(215,13): warning C4244: 'initializing': conversion from 'double' to 'float', possible loss of data
C:\Users\versi\Desktop\projekt-gk\cw 9\src\ex_9_1.hpp(232,13): warning C4244: 'initializing': conversion from 'double' to 'float', possible loss of data
C:\Users\versi\Desktop\projekt-gk\cw 9\src\ex_9_1.hpp(276,2): warning C4305: 'argument': truncation from 'double' to 'float'
C:\Users\versi\Desktop\projekt-gk\cw 9\src\ex_9_1.hpp(411,21): warning C4305: '-=': truncation from 'double' to 'float'
C:\Users\versi\Desktop\projekt-gk\cw 9\src\ex_9_1.hpp(413,21): warning C4305: '+=': truncation from 'double' to 'float'
Box.obj : warning LNK4075: ignoring '/EDITANDCONTINUE' due to '/INCREMENTAL:NO' specification
LINK : warning LNK4098: defaultlib 'MSVCRT' conflicts with use of other libs; use /NODEFAULTLIB:library
  grk-cw9.vcxproj -> C:\Users\versi\Desktop\projekt-gk\Debug\grk-cw9.exe
=======
C:\Program Files (x86)\Windows Kits\10\Include\10.0.19041.0\shared\minwindef.h(130,1): warning C4005: "APIENTRY": ponowna definicja makra
D:\Kosz2\AAA_Studia\Grafika\projekt-gk\dependencies\glfw-3.3.8.bin.WIN32\include\GLFW\glfw3.h(123): message : zobacz poprzednią definicję „APIENTRY”
D:\Kosz2\AAA_Studia\Grafika\projekt-gk\cw 9\src\ex_9_1.hpp(115,30): warning C4305: "inicjowanie": obcięcie z "double" do "float"
D:\Kosz2\AAA_Studia\Grafika\projekt-gk\cw 9\src\ex_9_1.hpp(138,38): warning C4305: "=": obcięcie z "double" do "float"
D:\Kosz2\AAA_Studia\Grafika\projekt-gk\cw 9\src\ex_9_1.hpp(161,16): warning C4305: "inicjowanie": obcięcie z "double" do "float"
D:\Kosz2\AAA_Studia\Grafika\projekt-gk\cw 9\src\ex_9_1.hpp(181,15): warning C4101: "textureID": lokalna zmienna, do której nie istnieje odwołanie
D:\Kosz2\AAA_Studia\Grafika\projekt-gk\cw 9\src\ex_9_1.hpp(305,13): warning C4244: "inicjowanie": konwersja z "double" do "float", możliwa utrata danych
D:\Kosz2\AAA_Studia\Grafika\projekt-gk\cw 9\src\ex_9_1.hpp(316,96): warning C4305: "argument": obcięcie z "double" do "T"
          with
          [
              T=float
          ]
D:\Kosz2\AAA_Studia\Grafika\projekt-gk\cw 9\src\ex_9_1.hpp(320,59): warning C4305: "argument": obcięcie z "double" do "T"
          with
          [
              T=float
          ]
D:\Kosz2\AAA_Studia\Grafika\projekt-gk\cw 9\src\ex_9_1.hpp(365,13): warning C4244: "inicjowanie": konwersja z "double" do "float", możliwa utrata danych
D:\Kosz2\AAA_Studia\Grafika\projekt-gk\cw 9\src\ex_9_1.hpp(411,2): warning C4305: "argument": obcięcie z "double" do "float"
D:\Kosz2\AAA_Studia\Grafika\projekt-gk\cw 9\src\ex_9_1.hpp(538,21): warning C4305: "-=": obcięcie z "double" do "float"
D:\Kosz2\AAA_Studia\Grafika\projekt-gk\cw 9\src\ex_9_1.hpp(540,21): warning C4305: "+=": obcięcie z "double" do "float"
particles.obj : warning LNK4075: zignorowano opcję „/EDITANDCONTINUE” z powodu określenia opcji „/INCREMENTAL:NO”
LINK : warning LNK4098: domyślna biblioteka „MSVCRT” powoduje konflikt z innymi bibliotekami; użyj opcji /NODEFAULTLIB:biblioteka
  grk-cw9.vcxproj -> D:\Kosz2\AAA_Studia\Grafika\projekt-gk\Debug\grk-cw9.exe
>>>>>>> Stashed changes
